0 info it worked if it ends with ok
1 verbose cli [ '/usr/local/bin/node',
1 verbose cli   '/usr/local/bin/npm',
1 verbose cli   'install',
1 verbose cli   '-g',
1 verbose cli   'cordova' ]
2 info using npm@3.3.6
3 info using node@v5.0.0
4 silly loadCurrentTree Starting
5 silly install loadCurrentTree
6 silly install readGlobalPackageData
7 silly fetchPackageMetaData cordova
8 silly fetchNamedPackageData cordova
9 silly mapToRegistry name cordova
10 silly mapToRegistry using default registry
11 silly mapToRegistry registry https://registry.npmjs.org/
12 silly mapToRegistry uri https://registry.npmjs.org/cordova
13 verbose request uri https://registry.npmjs.org/cordova
14 verbose request no auth needed
15 info attempt registry request try #1 at 2:31:20 PM
16 verbose request id 48f3b8755affc147
17 http request GET https://registry.npmjs.org/cordova
18 info retry will retry, error on last attempt: Error: Hostname/IP doesn't match certificate's altnames: "Host: registry.npmjs.org. is not in the cert's altnames: DNS:wifi.univ-angers.fr"
19 info attempt registry request try #2 at 2:31:31 PM
20 http request GET https://registry.npmjs.org/cordova
21 info retry will retry, error on last attempt: Error: Hostname/IP doesn't match certificate's altnames: "Host: registry.npmjs.org. is not in the cert's altnames: DNS:wifi.univ-angers.fr"
22 info attempt registry request try #3 at 2:32:31 PM
23 http request GET https://registry.npmjs.org/cordova
24 silly fetchPackageMetaData Error: Hostname/IP doesn't match certificate's altnames: "Host: registry.npmjs.org. is not in the cert's altnames: DNS:wifi.univ-angers.fr"
24 silly fetchPackageMetaData     at Object.checkServerIdentity (tls.js:201:15)
24 silly fetchPackageMetaData     at TLSSocket.<anonymous> (_tls_wrap.js:1050:29)
24 silly fetchPackageMetaData     at emitNone (events.js:67:13)
24 silly fetchPackageMetaData     at TLSSocket.emit (events.js:166:7)
24 silly fetchPackageMetaData     at TLSSocket._finishInit (_tls_wrap.js:581:8)
24 silly fetchPackageMetaData  error for cordova { [Error: Hostname/IP doesn't match certificate's altnames: "Host: registry.npmjs.org. is not in the cert's altnames: DNS:wifi.univ-angers.fr"]
24 silly fetchPackageMetaData   reason: 'Host: registry.npmjs.org. is not in the cert\'s altnames: DNS:wifi.univ-angers.fr',
24 silly fetchPackageMetaData   host: 'registry.npmjs.org.',
24 silly fetchPackageMetaData   cert:
24 silly fetchPackageMetaData    { subject: { OU: 'Domain Control Validated', CN: 'wifi.univ-angers.fr' },
24 silly fetchPackageMetaData      issuer: { C: 'NL', O: 'TERENA', CN: 'TERENA SSL CA' },
24 silly fetchPackageMetaData      subjectaltname: 'DNS:wifi.univ-angers.fr',
24 silly fetchPackageMetaData      infoAccess: { 'CA Issuers - URI': [Object], 'OCSP - URI': [Object] },
24 silly fetchPackageMetaData      modulus: 'C2E516175F6BDA8CFD44DBA76834E9152944CE11F03ABA3A62FE660882CAA929F9578F063DD4294E3755AF3A10AEF0E6B480BB9D627862C33393A6AF7AA402BB4B24C6D37CFDAF813C4E8FFFFB696A77C23AD2BF86AA0C45DEDD0226F8EC017819ACEE7CF17D2D08542357D37F299E76F5D8133A2FD0F69C7450DFE14FB089DED6C6B253D2C638CFE934C852DD6CCB260FA221C4E759EAE1F156B3031758009EC0ECF5CB3FAD1F5E5DAFEC58F49C038B27A2A0EC2D41E0123C98AD728838C18B44F9EE52C3E93B9223890FFA20D9AED58AB84828A979D16B74A1FEEF62BADF3AC51AF2E2CE2F93566E1AF32B921057F18437EE03AAA987B716480B233CC2052B',
24 silly fetchPackageMetaData      exponent: '0x10001',
24 silly fetchPackageMetaData      valid_from: 'Apr 17 00:00:00 2014 GMT',
24 silly fetchPackageMetaData      valid_to: 'Apr 16 23:59:59 2017 GMT',
24 silly fetchPackageMetaData      fingerprint: 'B1:80:18:70:76:91:0E:CF:97:B9:F0:B3:D5:08:CE:F6:6E:B8:C7:3B',
24 silly fetchPackageMetaData      ext_key_usage: [ '1.3.6.1.5.5.7.3.1', '1.3.6.1.5.5.7.3.2' ],
24 silly fetchPackageMetaData      serialNumber: '1FD909D6047C55085C76962935B5298A',
24 silly fetchPackageMetaData      raw: <Buffer 30 82 04 73 30 82 03 5b a0 03 02 01 02 02 10 1f d9 09 d6 04 7c 55 08 5c 76 96 29 35 b5 29 8a 30 0d 06 09 2a 86 48 86 f7 0d 01 01 05 05 00 30 36 31 0b ... > } }
25 silly rollbackFailedOptional Starting
26 silly rollbackFailedOptional Finishing
27 silly runTopLevelLifecycles Starting
28 silly runTopLevelLifecycles Finishing
29 silly install printInstalled
30 verbose stack Error: Hostname/IP doesn't match certificate's altnames: "Host: registry.npmjs.org. is not in the cert's altnames: DNS:wifi.univ-angers.fr"
30 verbose stack     at Object.checkServerIdentity (tls.js:201:15)
30 verbose stack     at TLSSocket.<anonymous> (_tls_wrap.js:1050:29)
30 verbose stack     at emitNone (events.js:67:13)
30 verbose stack     at TLSSocket.emit (events.js:166:7)
30 verbose stack     at TLSSocket._finishInit (_tls_wrap.js:581:8)
31 verbose cwd /Users/scotscriven/Documents/Work/testApp/myNewApp
32 error Darwin 15.0.0
33 error argv "/usr/local/bin/node" "/usr/local/bin/npm" "install" "-g" "cordova"
34 error node v5.0.0
35 error npm  v3.3.6
36 error Hostname/IP doesn't match certificate's altnames: "Host: registry.npmjs.org. is not in the cert's altnames: DNS:wifi.univ-angers.fr"
37 error If you need help, you may report this error at:
37 error     <https://github.com/npm/npm/issues>
38 verbose exit [ 1, true ]
